
2020-10-24 19:58:29 Commons Daemon procrun stderr initialized
24-Oct-2020 19:58:39.828 INFO [main] org.apache.catalina.startup.VersionLoggerListener.log Server version:        Apache Tomcat/9.0.11
24-Oct-2020 19:58:40.021 INFO [main] org.apache.catalina.startup.VersionLoggerListener.log Server built:          Aug 11 2018 19:47:23 UTC
24-Oct-2020 19:58:40.022 INFO [main] org.apache.catalina.startup.VersionLoggerListener.log Server number:         9.0.11.0
24-Oct-2020 19:58:40.022 INFO [main] org.apache.catalina.startup.VersionLoggerListener.log OS Name:               Windows 10
24-Oct-2020 19:58:40.022 INFO [main] org.apache.catalina.startup.VersionLoggerListener.log OS Version:            10.0
24-Oct-2020 19:58:40.031 INFO [main] org.apache.catalina.startup.VersionLoggerListener.log Architecture:          amd64
24-Oct-2020 19:58:40.032 INFO [main] org.apache.catalina.startup.VersionLoggerListener.log Java Home:             C:\Program Files\Java\jre1.8.0_111
24-Oct-2020 19:58:40.032 INFO [main] org.apache.catalina.startup.VersionLoggerListener.log JVM Version:           1.8.0_111-b14
24-Oct-2020 19:58:40.032 INFO [main] org.apache.catalina.startup.VersionLoggerListener.log JVM Vendor:            Oracle Corporation
24-Oct-2020 19:58:40.033 INFO [main] org.apache.catalina.startup.VersionLoggerListener.log CATALINA_BASE:         C:\Program Files\Apache Software Foundation\Tomcat 9.0
24-Oct-2020 19:58:40.033 INFO [main] org.apache.catalina.startup.VersionLoggerListener.log CATALINA_HOME:         C:\Program Files\Apache Software Foundation\Tomcat 9.0
24-Oct-2020 19:58:40.033 INFO [main] org.apache.catalina.startup.VersionLoggerListener.log Command line argument: -Dcatalina.home=C:\Program Files\Apache Software Foundation\Tomcat 9.0
24-Oct-2020 19:58:40.033 INFO [main] org.apache.catalina.startup.VersionLoggerListener.log Command line argument: -Dcatalina.base=C:\Program Files\Apache Software Foundation\Tomcat 9.0
24-Oct-2020 19:58:40.033 INFO [main] org.apache.catalina.startup.VersionLoggerListener.log Command line argument: -Djava.io.tmpdir=C:\Program Files\Apache Software Foundation\Tomcat 9.0\temp
24-Oct-2020 19:58:40.033 INFO [main] org.apache.catalina.startup.VersionLoggerListener.log Command line argument: -Djava.util.logging.manager=org.apache.juli.ClassLoaderLogManager
24-Oct-2020 19:58:40.033 INFO [main] org.apache.catalina.startup.VersionLoggerListener.log Command line argument: -Djava.util.logging.config.file=C:\Program Files\Apache Software Foundation\Tomcat 9.0\conf\logging.properties
24-Oct-2020 19:58:40.033 INFO [main] org.apache.catalina.startup.VersionLoggerListener.log Command line argument: exit
24-Oct-2020 19:58:40.033 INFO [main] org.apache.catalina.startup.VersionLoggerListener.log Command line argument: abort
24-Oct-2020 19:58:40.033 INFO [main] org.apache.catalina.startup.VersionLoggerListener.log Command line argument: -Xms128m
24-Oct-2020 19:58:40.033 INFO [main] org.apache.catalina.startup.VersionLoggerListener.log Command line argument: -Xmx256m
24-Oct-2020 19:58:40.033 INFO [main] org.apache.catalina.core.AprLifecycleListener.lifecycleEvent The APR based Apache Tomcat Native library which allows optimal performance in production environments was not found on the java.library.path: [C:\Program Files\Apache Software Foundation\Tomcat 9.0\bin;C:\WINDOWS\Sun\Java\bin;C:\WINDOWS\system32;C:\WINDOWS;C:\Program Files (x86)\Common Files\Oracle\Java\javapath;C:\Program Files\Python37\Scripts\;C:\Program Files\Python37\;C:\WINDOWS\system32;C:\WINDOWS;C:\WINDOWS\System32\Wbem;C:\WINDOWS\System32\WindowsPowerShell\v1.0\;C:\WINDOWS\System32\OpenSSH\;C:\Program Files (x86)\Intel\Intel(R) Management Engine Components\DAL;C:\Program Files\Intel\Intel(R) Management Engine Components\DAL;C:\Program Files\dotnet\;C:\Program Files\Microsoft SQL Server\130\Tools\Binn\;C:\Program Files\Java\jdk-12.0.2\bin;C:\TDM-GCC-64\bin;E:\Softwares\Installers\tdm-gcc-5.1.0-3.exe;C:\Program Files (x86)\CodeBlocks\MinGW\include;C:\Program Files (x86)\CodeBlocks\MinGW\lib;C:\Users\Atruba\Downloads\mingw-w64-v7.0.0.zip\mingw-w64-v7.0.0;C:\Program Files\MongoDB\Server\4.2\bin;C:\Program Files\nodejs\;C:\Program Files\Git\cmd;%code%;C:\Ruby26-x64\bin;C:\xampp\php\php.exe;C:\WINDOWS\system32\config\systemprofile\AppData\Local\Microsoft\WindowsApps;.]
24-Oct-2020 19:58:42.831 INFO [main] org.apache.coyote.AbstractProtocol.init Initializing ProtocolHandler ["http-nio-8080"]
24-Oct-2020 19:58:43.760 INFO [main] org.apache.tomcat.util.net.NioSelectorPool.getSharedSelector Using a shared selector for servlet write/read
24-Oct-2020 19:58:43.805 INFO [main] org.apache.coyote.AbstractProtocol.init Initializing ProtocolHandler ["ajp-nio-8009"]
24-Oct-2020 19:58:43.807 INFO [main] org.apache.tomcat.util.net.NioSelectorPool.getSharedSelector Using a shared selector for servlet write/read
24-Oct-2020 19:58:43.807 INFO [main] org.apache.catalina.startup.Catalina.load Initialization processed in 5698 ms
24-Oct-2020 19:58:43.980 INFO [main] org.apache.catalina.core.StandardService.startInternal Starting service [Catalina]
24-Oct-2020 19:58:43.980 INFO [main] org.apache.catalina.core.StandardEngine.startInternal Starting Servlet Engine: Apache Tomcat/9.0.11
24-Oct-2020 19:58:44.011 INFO [main] org.apache.catalina.startup.HostConfig.deployDirectory Deploying web application directory [C:\Program Files\Apache Software Foundation\Tomcat 9.0\webapps\docs]
24-Oct-2020 19:58:45.037 INFO [main] org.apache.catalina.startup.HostConfig.deployDirectory Deployment of web application directory [C:\Program Files\Apache Software Foundation\Tomcat 9.0\webapps\docs] has finished in [1,024] ms
24-Oct-2020 19:58:45.037 INFO [main] org.apache.catalina.startup.HostConfig.deployDirectory Deploying web application directory [C:\Program Files\Apache Software Foundation\Tomcat 9.0\webapps\manager]
24-Oct-2020 19:58:45.125 INFO [main] org.apache.catalina.startup.HostConfig.deployDirectory Deployment of web application directory [C:\Program Files\Apache Software Foundation\Tomcat 9.0\webapps\manager] has finished in [88] ms
24-Oct-2020 19:58:45.126 INFO [main] org.apache.catalina.startup.HostConfig.deployDirectory Deploying web application directory [C:\Program Files\Apache Software Foundation\Tomcat 9.0\webapps\ROOT]
24-Oct-2020 19:58:45.163 INFO [main] org.apache.catalina.startup.HostConfig.deployDirectory Deployment of web application directory [C:\Program Files\Apache Software Foundation\Tomcat 9.0\webapps\ROOT] has finished in [38] ms
24-Oct-2020 19:58:45.166 INFO [main] org.apache.coyote.AbstractProtocol.start Starting ProtocolHandler ["http-nio-8080"]
24-Oct-2020 19:58:45.178 INFO [main] org.apache.coyote.AbstractProtocol.start Starting ProtocolHandler ["ajp-nio-8009"]
24-Oct-2020 19:58:45.181 INFO [main] org.apache.catalina.startup.Catalina.start Server startup in 1374 ms
